<html>
<head>
<title>TestNG:  Test</title>
<link href="../testng.css" rel="stylesheet" type="text/css" />
<link href="../my-testng.css" rel="stylesheet" type="text/css" />

<style type="text/css">
.log { display: none;} 
.stack-trace { display: none;} 
</style>
<script type="text/javascript">
<!--
function flip(e) {
  current = e.style.display;
  if (current == 'block') {
    e.style.display = 'none';
    return 0;
  }
  else {
    e.style.display = 'block';
    return 1;
  }
}

function toggleBox(szDivId, elem, msg1, msg2)
{
  var res = -1;  if (document.getElementById) {
    res = flip(document.getElementById(szDivId));
  }
  else if (document.all) {
    // this is the way old msie versions work
    res = flip(document.all[szDivId]);
  }
  if(elem) {
    if(res == 0) elem.innerHTML = msg1; else elem.innerHTML = msg2;
  }

}

function toggleAllBoxes() {
  if (document.getElementsByTagName) {
    d = document.getElementsByTagName('div');
    for (i = 0; i < d.length; i++) {
      if (d[i].className == 'log') {
        flip(d[i]);
      }
    }
  }
}

// -->
</script>

</head>
<body>
<h2 align='center'>Test</h2><table border='1' align="center">
<tr>
<td>Tests passed/Failed/Skipped:</td><td>0/0/16</td>
</tr><tr>
<td>Started on:</td><td>Mon Apr 23 13:18:31 IST 2018</td>
</tr>
<tr><td>Total time:</td><td>14 seconds (14689 ms)</td>
</tr><tr>
<td>Included groups:</td><td></td>
</tr><tr>
<td>Excluded groups:</td><td></td>
</tr>
</table><p/>
<small><i>(Hover the method name to see the test class name)</i></small><p/>
<table width='100%' border='1' class='invocation-failed'>
<tr><td colspan='4' align='center'><b>FAILED CONFIGURATIONS</b></td></tr>
<tr><td><b>Test method</b></td>
<td width="30%"><b>Exception</b></td>
<td width="10%"><b>Time (seconds)</b></td>
<td><b>Instance</b></td>
</tr>
<tr>
<td title='com.pwot.qa.iteration1.TestAeUser.LoginToPwot()'><b>LoginToPwot</b><br>Test class: com.pwot.qa.iteration1.TestAeUser</td>
<td><div><pre>org.openqa.selenium.NoSuchElementException: Unable to locate element: {&quot;method&quot;:&quot;link text&quot;,&quot;selector&quot;:&quot;ALS Prime Product&quot;}
Command duration or timeout: 113 milliseconds
For documentation on this error, please visit: http://seleniumhq.org/exceptions/no_such_element.html
Build info: version: &apos;2.53.1&apos;, revision: &apos;a36b8b1cd5757287168e54b817830adce9b0158d&apos;, time: &apos;2016-06-30 19:26:09&apos;
System info: host: &apos;arifasha&apos;, ip: &apos;9.126.50.132&apos;, os.name: &apos;Windows 7&apos;, os.arch: &apos;amd64&apos;, os.version: &apos;6.1&apos;, java.version: &apos;1.8.0_121&apos;
Driver info: org.openqa.selenium.firefox.FirefoxDriver
Capabilities [{applicationCacheEnabled=true, rotatable=false, handlesAlerts=true, databaseEnabled=true, version=34.0.5, platform=WINDOWS, nativeEvents=false, acceptSslCerts=true, webStorageEnabled=true, locationContextEnabled=true, browserName=firefox, takesScreenshot=true, javascriptEnabled=true, cssSelectorsEnabled=true}]
Session ID: d54fdb43-19d4-4023-bfb6-966e305d22d7
*** Element info: {Using=link text, value=ALS Prime Product}
	at org.openqa.selenium.remote.ErrorHandler.createThrowable(ErrorHandler.java:206)
	at org.openqa.selenium.remote.ErrorHandler.throwIfResponseFailed(ErrorHandler.java:158)
	at org.openqa.selenium.remote.RemoteWebDriver.execute(RemoteWebDriver.java:678)
	at org.openqa.selenium.remote.RemoteWebDriver.findElement(RemoteWebDriver.java:363)
	at org.openqa.selenium.remote.RemoteWebDriver.findElementByLinkText(RemoteWebDriver.java:428)
	at org.openqa.selenium.By$ByLinkText.findElement(By.java:246)
	at org.openqa.selenium.remote.RemoteWebDriver.findElement(RemoteWebDriver.java:355)
	at com.pwot.qa.iteration1.CommonMethods.Login(CommonMethods.java:58)
	at com.pwot.qa.iteration1.TestAeUser.LoginToPwot(TestAeUser.java:27)
Caused by: org.openqa.selenium.NoSuchElementException: Unable to locate element: {&quot;method&quot;:&quot;link text&quot;,&quot;selector&quot;:&quot;ALS Prime Product&quot;}
For documentation on this error, please visit: http://seleniumhq.org/exceptions/no_such_element.html
Build info: version: &apos;2.53.1&apos;, revision: &apos;a36b8b1cd5757287168e54b817830adce9b0158d&apos;, time: &apos;2016-06-30 19:26:09&apos;
System info: host: &apos;arifasha&apos;, ip: &apos;9.126.50.132&apos;, os.name: &apos;Windows 7&apos;, os.arch: &apos;amd64&apos;, os.version: &apos;6.1&apos;, java.version: &apos;1.8.0_121&apos;
Driver info: driver.version: unknown
	at &lt;anonymous class&gt;.FirefoxDriver.prototype.findElementInternal_(file:///C:/Users/IBM_AD~1/AppData/Local/Temp/anonymous8958628668287072794webdriver-profile/extensions/fxdriver@googlecode.com/components/driver-component.js:10770)
	at &lt;anonymous class&gt;.FirefoxDriver.prototype.findElement(file:///C:/Users/IBM_AD~1/AppData/Local/Temp/anonymous8958628668287072794webdriver-profile/extensions/fxdriver@googlecode.com/components/driver-component.js:10779)
	at &lt;anonymous class&gt;.DelayedCommand.prototype.executeInternal_/h(file:///C:/Users/IBM_AD~1/AppData/Local/Temp/anonymous8958628668287072794webdriver-profile/extensions/fxdriver@googlecode.com/components/command-processor.js:12661)
	at &lt;anonymous class&gt;.DelayedCommand.prototype.executeInternal_(file:///C:/Users/IBM_AD~1/AppData/Local/Temp/anonymous8958628668287072794webdriver-profile/extensions/fxdriver@googlecode.com/components/command-processor.js:12666)
	at &lt;anonymous class&gt;.DelayedCommand.prototype.execute/&lt;(file:///C:/Users/IBM_AD~1/AppData/Local/Temp/anonymous8958628668287072794webdriver-profile/extensions/fxdriver@googlecode.com/components/command-processor.js:12608)
... Removed 28 stack frames</pre></div><a href='#' onClick='toggleBox("stack-trace1075803699", this, "Click to show all stack frames", "Click to hide stack frames")'>Click to show all stack frames</a>
<div class='stack-trace' id='stack-trace1075803699'><pre>org.openqa.selenium.NoSuchElementException: Unable to locate element: {&quot;method&quot;:&quot;link text&quot;,&quot;selector&quot;:&quot;ALS Prime Product&quot;}
Command duration or timeout: 113 milliseconds
For documentation on this error, please visit: http://seleniumhq.org/exceptions/no_such_element.html
Build info: version: &apos;2.53.1&apos;, revision: &apos;a36b8b1cd5757287168e54b817830adce9b0158d&apos;, time: &apos;2016-06-30 19:26:09&apos;
System info: host: &apos;arifasha&apos;, ip: &apos;9.126.50.132&apos;, os.name: &apos;Windows 7&apos;, os.arch: &apos;amd64&apos;, os.version: &apos;6.1&apos;, java.version: &apos;1.8.0_121&apos;
Driver info: org.openqa.selenium.firefox.FirefoxDriver
Capabilities [{applicationCacheEnabled=true, rotatable=false, handlesAlerts=true, databaseEnabled=true, version=34.0.5, platform=WINDOWS, nativeEvents=false, acceptSslCerts=true, webStorageEnabled=true, locationContextEnabled=true, browserName=firefox, takesScreenshot=true, javascriptEnabled=true, cssSelectorsEnabled=true}]
Session ID: d54fdb43-19d4-4023-bfb6-966e305d22d7
*** Element info: {Using=link text, value=ALS Prime Product}
	at sun.reflect.NativeConstructorAccessorImpl.newInstance0(Native Method)
	at sun.reflect.NativeConstructorAccessorImpl.newInstance(Unknown Source)
	at sun.reflect.DelegatingConstructorAccessorImpl.newInstance(Unknown Source)
	at java.lang.reflect.Constructor.newInstance(Unknown Source)
	at org.openqa.selenium.remote.ErrorHandler.createThrowable(ErrorHandler.java:206)
	at org.openqa.selenium.remote.ErrorHandler.throwIfResponseFailed(ErrorHandler.java:158)
	at org.openqa.selenium.remote.RemoteWebDriver.execute(RemoteWebDriver.java:678)
	at org.openqa.selenium.remote.RemoteWebDriver.findElement(RemoteWebDriver.java:363)
	at org.openqa.selenium.remote.RemoteWebDriver.findElementByLinkText(RemoteWebDriver.java:428)
	at org.openqa.selenium.By$ByLinkText.findElement(By.java:246)
	at org.openqa.selenium.remote.RemoteWebDriver.findElement(RemoteWebDriver.java:355)
	at com.pwot.qa.iteration1.CommonMethods.Login(CommonMethods.java:58)
	at com.pwot.qa.iteration1.TestAeUser.LoginToPwot(TestAeUser.java:27)
	at sun.reflect.NativeMethodAccessorImpl.invoke0(Native Method)
	at sun.reflect.NativeMethodAccessorImpl.invoke(Unknown Source)
	at sun.reflect.DelegatingMethodAccessorImpl.invoke(Unknown Source)
	at java.lang.reflect.Method.invoke(Unknown Source)
	at org.testng.internal.MethodInvocationHelper.invokeMethod(MethodInvocationHelper.java:85)
	at org.testng.internal.Invoker.invokeConfigurationMethod(Invoker.java:510)
	at org.testng.internal.Invoker.invokeConfigurations(Invoker.java:211)
	at org.testng.internal.Invoker.invokeConfigurations(Invoker.java:138)
	at org.testng.internal.TestMethodWorker.invokeBeforeClassMethods(TestMethodWorker.java:170)
	at org.testng.internal.TestMethodWorker.run(TestMethodWorker.java:104)
	at org.testng.TestRunner.privateRun(TestRunner.java:774)
	at org.testng.TestRunner.run(TestRunner.java:624)
	at org.testng.SuiteRunner.runTest(SuiteRunner.java:359)
	at org.testng.SuiteRunner.runSequentially(SuiteRunner.java:354)
	at org.testng.SuiteRunner.privateRun(SuiteRunner.java:312)
	at org.testng.SuiteRunner.run(SuiteRunner.java:261)
	at org.testng.SuiteRunnerWorker.runSuite(SuiteRunnerWorker.java:52)
	at org.testng.SuiteRunnerWorker.run(SuiteRunnerWorker.java:86)
	at org.testng.TestNG.runSuitesSequentially(TestNG.java:1215)
	at org.testng.TestNG.runSuitesLocally(TestNG.java:1140)
	at org.testng.TestNG.run(TestNG.java:1048)
	at org.testng.remote.AbstractRemoteTestNG.run(AbstractRemoteTestNG.java:132)
	at org.testng.remote.RemoteTestNG.initAndRun(RemoteTestNG.java:230)
	at org.testng.remote.RemoteTestNG.main(RemoteTestNG.java:76)
Caused by: org.openqa.selenium.NoSuchElementException: Unable to locate element: {&quot;method&quot;:&quot;link text&quot;,&quot;selector&quot;:&quot;ALS Prime Product&quot;}
For documentation on this error, please visit: http://seleniumhq.org/exceptions/no_such_element.html
Build info: version: &apos;2.53.1&apos;, revision: &apos;a36b8b1cd5757287168e54b817830adce9b0158d&apos;, time: &apos;2016-06-30 19:26:09&apos;
System info: host: &apos;arifasha&apos;, ip: &apos;9.126.50.132&apos;, os.name: &apos;Windows 7&apos;, os.arch: &apos;amd64&apos;, os.version: &apos;6.1&apos;, java.version: &apos;1.8.0_121&apos;
Driver info: driver.version: unknown
	at &lt;anonymous class&gt;.FirefoxDriver.prototype.findElementInternal_(file:///C:/Users/IBM_AD~1/AppData/Local/Temp/anonymous8958628668287072794webdriver-profile/extensions/fxdriver@googlecode.com/components/driver-component.js:10770)
	at &lt;anonymous class&gt;.FirefoxDriver.prototype.findElement(file:///C:/Users/IBM_AD~1/AppData/Local/Temp/anonymous8958628668287072794webdriver-profile/extensions/fxdriver@googlecode.com/components/driver-component.js:10779)
	at &lt;anonymous class&gt;.DelayedCommand.prototype.executeInternal_/h(file:///C:/Users/IBM_AD~1/AppData/Local/Temp/anonymous8958628668287072794webdriver-profile/extensions/fxdriver@googlecode.com/components/command-processor.js:12661)
	at &lt;anonymous class&gt;.DelayedCommand.prototype.executeInternal_(file:///C:/Users/IBM_AD~1/AppData/Local/Temp/anonymous8958628668287072794webdriver-profile/extensions/fxdriver@googlecode.com/components/command-processor.js:12666)
	at &lt;anonymous class&gt;.DelayedCommand.prototype.execute/&lt;(file:///C:/Users/IBM_AD~1/AppData/Local/Temp/anonymous8958628668287072794webdriver-profile/extensions/fxdriver@googlecode.com/components/command-processor.js:12608)
</pre></div></td>
<td>0</td>
<td>com.pwot.qa.iteration1.TestAeUser@26aa12dd</td></tr>
<tr>
<td title='com.pwot.qa.iteration1.TestTcUser.LoginToPwot()'><b>LoginToPwot</b><br>Test class: com.pwot.qa.iteration1.TestTcUser</td>
<td><div><pre>org.openqa.selenium.NoSuchElementException: Unable to locate element: {&quot;method&quot;:&quot;link text&quot;,&quot;selector&quot;:&quot;ALS Prime Product&quot;}
Command duration or timeout: 63 milliseconds
For documentation on this error, please visit: http://seleniumhq.org/exceptions/no_such_element.html
Build info: version: &apos;2.53.1&apos;, revision: &apos;a36b8b1cd5757287168e54b817830adce9b0158d&apos;, time: &apos;2016-06-30 19:26:09&apos;
System info: host: &apos;arifasha&apos;, ip: &apos;9.126.50.132&apos;, os.name: &apos;Windows 7&apos;, os.arch: &apos;amd64&apos;, os.version: &apos;6.1&apos;, java.version: &apos;1.8.0_121&apos;
Driver info: org.openqa.selenium.firefox.FirefoxDriver
Capabilities [{applicationCacheEnabled=true, rotatable=false, handlesAlerts=true, databaseEnabled=true, version=34.0.5, platform=WINDOWS, nativeEvents=false, acceptSslCerts=true, webStorageEnabled=true, locationContextEnabled=true, browserName=firefox, takesScreenshot=true, javascriptEnabled=true, cssSelectorsEnabled=true}]
Session ID: 210eb848-13af-4d64-bb56-f4088dbd569a
*** Element info: {Using=link text, value=ALS Prime Product}
	at org.openqa.selenium.remote.ErrorHandler.createThrowable(ErrorHandler.java:206)
	at org.openqa.selenium.remote.ErrorHandler.throwIfResponseFailed(ErrorHandler.java:158)
	at org.openqa.selenium.remote.RemoteWebDriver.execute(RemoteWebDriver.java:678)
	at org.openqa.selenium.remote.RemoteWebDriver.findElement(RemoteWebDriver.java:363)
	at org.openqa.selenium.remote.RemoteWebDriver.findElementByLinkText(RemoteWebDriver.java:428)
	at org.openqa.selenium.By$ByLinkText.findElement(By.java:246)
	at org.openqa.selenium.remote.RemoteWebDriver.findElement(RemoteWebDriver.java:355)
	at com.pwot.qa.iteration1.CommonMethods.Login(CommonMethods.java:58)
	at com.pwot.qa.iteration1.TestTcUser.LoginToPwot(TestTcUser.java:30)
Caused by: org.openqa.selenium.NoSuchElementException: Unable to locate element: {&quot;method&quot;:&quot;link text&quot;,&quot;selector&quot;:&quot;ALS Prime Product&quot;}
For documentation on this error, please visit: http://seleniumhq.org/exceptions/no_such_element.html
Build info: version: &apos;2.53.1&apos;, revision: &apos;a36b8b1cd5757287168e54b817830adce9b0158d&apos;, time: &apos;2016-06-30 19:26:09&apos;
System info: host: &apos;arifasha&apos;, ip: &apos;9.126.50.132&apos;, os.name: &apos;Windows 7&apos;, os.arch: &apos;amd64&apos;, os.version: &apos;6.1&apos;, java.version: &apos;1.8.0_121&apos;
Driver info: driver.version: unknown
	at &lt;anonymous class&gt;.FirefoxDriver.prototype.findElementInternal_(file:///C:/Users/IBM_AD~1/AppData/Local/Temp/anonymous6145135780765077236webdriver-profile/extensions/fxdriver@googlecode.com/components/driver-component.js:10770)
	at &lt;anonymous class&gt;.FirefoxDriver.prototype.findElement(file:///C:/Users/IBM_AD~1/AppData/Local/Temp/anonymous6145135780765077236webdriver-profile/extensions/fxdriver@googlecode.com/components/driver-component.js:10779)
	at &lt;anonymous class&gt;.DelayedCommand.prototype.executeInternal_/h(file:///C:/Users/IBM_AD~1/AppData/Local/Temp/anonymous6145135780765077236webdriver-profile/extensions/fxdriver@googlecode.com/components/command-processor.js:12661)
	at &lt;anonymous class&gt;.DelayedCommand.prototype.executeInternal_(file:///C:/Users/IBM_AD~1/AppData/Local/Temp/anonymous6145135780765077236webdriver-profile/extensions/fxdriver@googlecode.com/components/command-processor.js:12666)
	at &lt;anonymous class&gt;.DelayedCommand.prototype.execute/&lt;(file:///C:/Users/IBM_AD~1/AppData/Local/Temp/anonymous6145135780765077236webdriver-profile/extensions/fxdriver@googlecode.com/components/command-processor.js:12608)
... Removed 28 stack frames</pre></div><a href='#' onClick='toggleBox("stack-trace479459041", this, "Click to show all stack frames", "Click to hide stack frames")'>Click to show all stack frames</a>
<div class='stack-trace' id='stack-trace479459041'><pre>org.openqa.selenium.NoSuchElementException: Unable to locate element: {&quot;method&quot;:&quot;link text&quot;,&quot;selector&quot;:&quot;ALS Prime Product&quot;}
Command duration or timeout: 63 milliseconds
For documentation on this error, please visit: http://seleniumhq.org/exceptions/no_such_element.html
Build info: version: &apos;2.53.1&apos;, revision: &apos;a36b8b1cd5757287168e54b817830adce9b0158d&apos;, time: &apos;2016-06-30 19:26:09&apos;
System info: host: &apos;arifasha&apos;, ip: &apos;9.126.50.132&apos;, os.name: &apos;Windows 7&apos;, os.arch: &apos;amd64&apos;, os.version: &apos;6.1&apos;, java.version: &apos;1.8.0_121&apos;
Driver info: org.openqa.selenium.firefox.FirefoxDriver
Capabilities [{applicationCacheEnabled=true, rotatable=false, handlesAlerts=true, databaseEnabled=true, version=34.0.5, platform=WINDOWS, nativeEvents=false, acceptSslCerts=true, webStorageEnabled=true, locationContextEnabled=true, browserName=firefox, takesScreenshot=true, javascriptEnabled=true, cssSelectorsEnabled=true}]
Session ID: 210eb848-13af-4d64-bb56-f4088dbd569a
*** Element info: {Using=link text, value=ALS Prime Product}
	at sun.reflect.NativeConstructorAccessorImpl.newInstance0(Native Method)
	at sun.reflect.NativeConstructorAccessorImpl.newInstance(Unknown Source)
	at sun.reflect.DelegatingConstructorAccessorImpl.newInstance(Unknown Source)
	at java.lang.reflect.Constructor.newInstance(Unknown Source)
	at org.openqa.selenium.remote.ErrorHandler.createThrowable(ErrorHandler.java:206)
	at org.openqa.selenium.remote.ErrorHandler.throwIfResponseFailed(ErrorHandler.java:158)
	at org.openqa.selenium.remote.RemoteWebDriver.execute(RemoteWebDriver.java:678)
	at org.openqa.selenium.remote.RemoteWebDriver.findElement(RemoteWebDriver.java:363)
	at org.openqa.selenium.remote.RemoteWebDriver.findElementByLinkText(RemoteWebDriver.java:428)
	at org.openqa.selenium.By$ByLinkText.findElement(By.java:246)
	at org.openqa.selenium.remote.RemoteWebDriver.findElement(RemoteWebDriver.java:355)
	at com.pwot.qa.iteration1.CommonMethods.Login(CommonMethods.java:58)
	at com.pwot.qa.iteration1.TestTcUser.LoginToPwot(TestTcUser.java:30)
	at sun.reflect.NativeMethodAccessorImpl.invoke0(Native Method)
	at sun.reflect.NativeMethodAccessorImpl.invoke(Unknown Source)
	at sun.reflect.DelegatingMethodAccessorImpl.invoke(Unknown Source)
	at java.lang.reflect.Method.invoke(Unknown Source)
	at org.testng.internal.MethodInvocationHelper.invokeMethod(MethodInvocationHelper.java:85)
	at org.testng.internal.Invoker.invokeConfigurationMethod(Invoker.java:510)
	at org.testng.internal.Invoker.invokeConfigurations(Invoker.java:211)
	at org.testng.internal.Invoker.invokeConfigurations(Invoker.java:138)
	at org.testng.internal.TestMethodWorker.invokeBeforeClassMethods(TestMethodWorker.java:170)
	at org.testng.internal.TestMethodWorker.run(TestMethodWorker.java:104)
	at org.testng.TestRunner.privateRun(TestRunner.java:774)
	at org.testng.TestRunner.run(TestRunner.java:624)
	at org.testng.SuiteRunner.runTest(SuiteRunner.java:359)
	at org.testng.SuiteRunner.runSequentially(SuiteRunner.java:354)
	at org.testng.SuiteRunner.privateRun(SuiteRunner.java:312)
	at org.testng.SuiteRunner.run(SuiteRunner.java:261)
	at org.testng.SuiteRunnerWorker.runSuite(SuiteRunnerWorker.java:52)
	at org.testng.SuiteRunnerWorker.run(SuiteRunnerWorker.java:86)
	at org.testng.TestNG.runSuitesSequentially(TestNG.java:1215)
	at org.testng.TestNG.runSuitesLocally(TestNG.java:1140)
	at org.testng.TestNG.run(TestNG.java:1048)
	at org.testng.remote.AbstractRemoteTestNG.run(AbstractRemoteTestNG.java:132)
	at org.testng.remote.RemoteTestNG.initAndRun(RemoteTestNG.java:230)
	at org.testng.remote.RemoteTestNG.main(RemoteTestNG.java:76)
Caused by: org.openqa.selenium.NoSuchElementException: Unable to locate element: {&quot;method&quot;:&quot;link text&quot;,&quot;selector&quot;:&quot;ALS Prime Product&quot;}
For documentation on this error, please visit: http://seleniumhq.org/exceptions/no_such_element.html
Build info: version: &apos;2.53.1&apos;, revision: &apos;a36b8b1cd5757287168e54b817830adce9b0158d&apos;, time: &apos;2016-06-30 19:26:09&apos;
System info: host: &apos;arifasha&apos;, ip: &apos;9.126.50.132&apos;, os.name: &apos;Windows 7&apos;, os.arch: &apos;amd64&apos;, os.version: &apos;6.1&apos;, java.version: &apos;1.8.0_121&apos;
Driver info: driver.version: unknown
	at &lt;anonymous class&gt;.FirefoxDriver.prototype.findElementInternal_(file:///C:/Users/IBM_AD~1/AppData/Local/Temp/anonymous6145135780765077236webdriver-profile/extensions/fxdriver@googlecode.com/components/driver-component.js:10770)
	at &lt;anonymous class&gt;.FirefoxDriver.prototype.findElement(file:///C:/Users/IBM_AD~1/AppData/Local/Temp/anonymous6145135780765077236webdriver-profile/extensions/fxdriver@googlecode.com/components/driver-component.js:10779)
	at &lt;anonymous class&gt;.DelayedCommand.prototype.executeInternal_/h(file:///C:/Users/IBM_AD~1/AppData/Local/Temp/anonymous6145135780765077236webdriver-profile/extensions/fxdriver@googlecode.com/components/command-processor.js:12661)
	at &lt;anonymous class&gt;.DelayedCommand.prototype.executeInternal_(file:///C:/Users/IBM_AD~1/AppData/Local/Temp/anonymous6145135780765077236webdriver-profile/extensions/fxdriver@googlecode.com/components/command-processor.js:12666)
	at &lt;anonymous class&gt;.DelayedCommand.prototype.execute/&lt;(file:///C:/Users/IBM_AD~1/AppData/Local/Temp/anonymous6145135780765077236webdriver-profile/extensions/fxdriver@googlecode.com/components/command-processor.js:12608)
</pre></div></td>
<td>0</td>
<td>com.pwot.qa.iteration1.TestTcUser@3fd7a715</td></tr>
</table><p>
<table width='100%' border='1' class='invocation-skipped'>
<tr><td colspan='4' align='center'><b>SKIPPED CONFIGURATIONS</b></td></tr>
<tr><td><b>Test method</b></td>
<td width="30%"><b>Exception</b></td>
<td width="10%"><b>Time (seconds)</b></td>
<td><b>Instance</b></td>
</tr>
<tr>
<td title='com.pwot.qa.iteration1.TestAeUser.aftertest()'><b>aftertest</b><br>Test class: com.pwot.qa.iteration1.TestAeUser</td>
<td></td>
<td>0</td>
<td>com.pwot.qa.iteration1.TestAeUser@26aa12dd</td></tr>
<tr>
<td title='com.pwot.qa.iteration1.TestTcUser.aftertest()'><b>aftertest</b><br>Test class: com.pwot.qa.iteration1.TestTcUser</td>
<td></td>
<td>0</td>
<td>com.pwot.qa.iteration1.TestTcUser@3fd7a715</td></tr>
</table><p>
<table width='100%' border='1' class='invocation-skipped'>
<tr><td colspan='4' align='center'><b>SKIPPED TESTS</b></td></tr>
<tr><td><b>Test method</b></td>
<td width="30%"><b>Exception</b></td>
<td width="10%"><b>Time (seconds)</b></td>
<td><b>Instance</b></td>
</tr>
<tr>
<td title='com.pwot.qa.iteration1.TestAeUser.AE_ManagerInsertFunction()'><b>AE_ManagerInsertFunction</b><br>Test class: com.pwot.qa.iteration1.TestAeUser</td>
<td></td>
<td>0</td>
<td>com.pwot.qa.iteration1.TestAeUser@26aa12dd</td></tr>
<tr>
<td title='com.pwot.qa.iteration1.TestAeUser.CopyFunctionality()'><b>CopyFunctionality</b><br>Test class: com.pwot.qa.iteration1.TestAeUser</td>
<td></td>
<td>0</td>
<td>com.pwot.qa.iteration1.TestAeUser@26aa12dd</td></tr>
<tr>
<td title='com.pwot.qa.iteration1.TestTcUser.CopyFunctionality()'><b>CopyFunctionality</b><br>Test class: com.pwot.qa.iteration1.TestTcUser</td>
<td></td>
<td>0</td>
<td>com.pwot.qa.iteration1.TestTcUser@3fd7a715</td></tr>
<tr>
<td title='com.pwot.qa.iteration1.TestAeUser.ModifyFuctionality()'><b>ModifyFuctionality</b><br>Test class: com.pwot.qa.iteration1.TestAeUser</td>
<td></td>
<td>0</td>
<td>com.pwot.qa.iteration1.TestAeUser@26aa12dd</td></tr>
<tr>
<td title='com.pwot.qa.iteration1.TestTcUser.ModifyFuctionality()'><b>ModifyFuctionality</b><br>Test class: com.pwot.qa.iteration1.TestTcUser</td>
<td></td>
<td>0</td>
<td>com.pwot.qa.iteration1.TestTcUser@3fd7a715</td></tr>
<tr>
<td title='com.pwot.qa.iteration1.TestAeUser.NewButtonFunctionality()'><b>NewButtonFunctionality</b><br>Test class: com.pwot.qa.iteration1.TestAeUser</td>
<td></td>
<td>0</td>
<td>com.pwot.qa.iteration1.TestAeUser@26aa12dd</td></tr>
<tr>
<td title='com.pwot.qa.iteration1.TestTcUser.NewButtonFunctionality()'><b>NewButtonFunctionality</b><br>Test class: com.pwot.qa.iteration1.TestTcUser</td>
<td></td>
<td>0</td>
<td>com.pwot.qa.iteration1.TestTcUser@3fd7a715</td></tr>
<tr>
<td title='com.pwot.qa.iteration1.TestTcUser.TC__ManagerInsertFunction()'><b>TC__ManagerInsertFunction</b><br>Test class: com.pwot.qa.iteration1.TestTcUser</td>
<td></td>
<td>0</td>
<td>com.pwot.qa.iteration1.TestTcUser@3fd7a715</td></tr>
<tr>
<td title='com.pwot.qa.iteration1.TestAeUser.TestUserSelection()'><b>TestUserSelection</b><br>Test class: com.pwot.qa.iteration1.TestAeUser</td>
<td></td>
<td>0</td>
<td>com.pwot.qa.iteration1.TestAeUser@26aa12dd</td></tr>
<tr>
<td title='com.pwot.qa.iteration1.TestTcUser.TestUserSelection()'><b>TestUserSelection</b><br>Test class: com.pwot.qa.iteration1.TestTcUser</td>
<td></td>
<td>0</td>
<td>com.pwot.qa.iteration1.TestTcUser@3fd7a715</td></tr>
<tr>
<td title='com.pwot.qa.iteration1.TestAeUser.ValidateLogo()'><b>ValidateLogo</b><br>Test class: com.pwot.qa.iteration1.TestAeUser</td>
<td></td>
<td>0</td>
<td>com.pwot.qa.iteration1.TestAeUser@26aa12dd</td></tr>
<tr>
<td title='com.pwot.qa.iteration1.TestTcUser.ValidateLogo()'><b>ValidateLogo</b><br>Test class: com.pwot.qa.iteration1.TestTcUser</td>
<td></td>
<td>0</td>
<td>com.pwot.qa.iteration1.TestTcUser@3fd7a715</td></tr>
<tr>
<td title='com.pwot.qa.iteration1.TestAeUser.ValidateMenuDisplayedForAEManager()'><b>ValidateMenuDisplayedForAEManager</b><br>Test class: com.pwot.qa.iteration1.TestAeUser</td>
<td></td>
<td>0</td>
<td>com.pwot.qa.iteration1.TestAeUser@26aa12dd</td></tr>
<tr>
<td title='com.pwot.qa.iteration1.TestTcUser.ValidateMenuDisplayedForAEManager()'><b>ValidateMenuDisplayedForAEManager</b><br>Test class: com.pwot.qa.iteration1.TestTcUser</td>
<td></td>
<td>0</td>
<td>com.pwot.qa.iteration1.TestTcUser@3fd7a715</td></tr>
<tr>
<td title='com.pwot.qa.iteration1.TestAeUser.ValidateMessageDisplayed()'><b>ValidateMessageDisplayed</b><br>Test class: com.pwot.qa.iteration1.TestAeUser</td>
<td></td>
<td>0</td>
<td>com.pwot.qa.iteration1.TestAeUser@26aa12dd</td></tr>
<tr>
<td title='com.pwot.qa.iteration1.TestTcUser.ValidateMessageDisplayed()'><b>ValidateMessageDisplayed</b><br>Test class: com.pwot.qa.iteration1.TestTcUser</td>
<td></td>
<td>0</td>
<td>com.pwot.qa.iteration1.TestTcUser@3fd7a715</td></tr>
</table><p>
</body>
</html>