<?xml version="1.0" encoding="UTF-8"?>
<!-- Generated by org.testng.reporters.JUnitXMLReporter -->
<testsuite hostname="arifasha" name="Test" tests="16" failures="0" timestamp="23 Apr 2018 07:48:46 GMT" time="14.689" errors="0">
  <testcase name="@BeforeClass LoginToPwot" time="0.0" classname="com.pwot.qa.iteration1.TestAeUser">
    <failure type="org.openqa.selenium.NoSuchElementException" message="Unable to locate element: {&amp;quot;method&amp;quot;:&amp;quot;link text&amp;quot;,&amp;quot;selector&amp;quot;:&amp;quot;ALS Prime Product&amp;quot;}
Command duration or timeout: 113 milliseconds
For documentation on this error, please visit: http://seleniumhq.org/exceptions/no_such_element.html
Build info: version: &amp;apos;2.53.1&amp;apos;, revision: &amp;apos;a36b8b1cd5757287168e54b817830adce9b0158d&amp;apos;, time: &amp;apos;2016-06-30 19:26:09&amp;apos;
System info: host: &amp;apos;arifasha&amp;apos;, ip: &amp;apos;9.126.50.132&amp;apos;, os.name: &amp;apos;Windows 7&amp;apos;, os.arch: &amp;apos;amd64&amp;apos;, os.version: &amp;apos;6.1&amp;apos;, java.version: &amp;apos;1.8.0_121&amp;apos;
Driver info: org.openqa.selenium.firefox.FirefoxDriver
Capabilities [{applicationCacheEnabled=true, rotatable=false, handlesAlerts=true, databaseEnabled=true, version=34.0.5, platform=WINDOWS, nativeEvents=false, acceptSslCerts=true, webStorageEnabled=true, locationContextEnabled=true, browserName=firefox, takesScreenshot=true, javascriptEnabled=true, cssSelectorsEnabled=true}]
Session ID: d54fdb43-19d4-4023-bfb6-966e305d22d7
*** Element info: {Using=link text, value=ALS Prime Product}">
      <![CDATA[org.openqa.selenium.NoSuchElementException: Unable to locate element: {"method":"link text","selector":"ALS Prime Product"}
Command duration or timeout: 113 milliseconds
For documentation on this error, please visit: http://seleniumhq.org/exceptions/no_such_element.html
Build info: version: '2.53.1', revision: 'a36b8b1cd5757287168e54b817830adce9b0158d', time: '2016-06-30 19:26:09'
System info: host: 'arifasha', ip: '9.126.50.132', os.name: 'Windows 7', os.arch: 'amd64', os.version: '6.1', java.version: '1.8.0_121'
Driver info: org.openqa.selenium.firefox.FirefoxDriver
Capabilities [{applicationCacheEnabled=true, rotatable=false, handlesAlerts=true, databaseEnabled=true, version=34.0.5, platform=WINDOWS, nativeEvents=false, acceptSslCerts=true, webStorageEnabled=true, locationContextEnabled=true, browserName=firefox, takesScreenshot=true, javascriptEnabled=true, cssSelectorsEnabled=true}]
Session ID: d54fdb43-19d4-4023-bfb6-966e305d22d7
*** Element info: {Using=link text, value=ALS Prime Product}
	at org.openqa.selenium.remote.ErrorHandler.createThrowable(ErrorHandler.java:206)
	at org.openqa.selenium.remote.ErrorHandler.throwIfResponseFailed(ErrorHandler.java:158)
	at org.openqa.selenium.remote.RemoteWebDriver.execute(RemoteWebDriver.java:678)
	at org.openqa.selenium.remote.RemoteWebDriver.findElement(RemoteWebDriver.java:363)
	at org.openqa.selenium.remote.RemoteWebDriver.findElementByLinkText(RemoteWebDriver.java:428)
	at org.openqa.selenium.By$ByLinkText.findElement(By.java:246)
	at org.openqa.selenium.remote.RemoteWebDriver.findElement(RemoteWebDriver.java:355)
	at com.pwot.qa.iteration1.CommonMethods.Login(CommonMethods.java:58)
	at com.pwot.qa.iteration1.TestAeUser.LoginToPwot(TestAeUser.java:27)
Caused by: org.openqa.selenium.NoSuchElementException: Unable to locate element: {"method":"link text","selector":"ALS Prime Product"}
For documentation on this error, please visit: http://seleniumhq.org/exceptions/no_such_element.html
Build info: version: '2.53.1', revision: 'a36b8b1cd5757287168e54b817830adce9b0158d', time: '2016-06-30 19:26:09'
System info: host: 'arifasha', ip: '9.126.50.132', os.name: 'Windows 7', os.arch: 'amd64', os.version: '6.1', java.version: '1.8.0_121'
Driver info: driver.version: unknown
	at <anonymous class>.FirefoxDriver.prototype.findElementInternal_(file:///C:/Users/IBM_AD~1/AppData/Local/Temp/anonymous8958628668287072794webdriver-profile/extensions/fxdriver@googlecode.com/components/driver-component.js:10770)
	at <anonymous class>.FirefoxDriver.prototype.findElement(file:///C:/Users/IBM_AD~1/AppData/Local/Temp/anonymous8958628668287072794webdriver-profile/extensions/fxdriver@googlecode.com/components/driver-component.js:10779)
	at <anonymous class>.DelayedCommand.prototype.executeInternal_/h(file:///C:/Users/IBM_AD~1/AppData/Local/Temp/anonymous8958628668287072794webdriver-profile/extensions/fxdriver@googlecode.com/components/command-processor.js:12661)
	at <anonymous class>.DelayedCommand.prototype.executeInternal_(file:///C:/Users/IBM_AD~1/AppData/Local/Temp/anonymous8958628668287072794webdriver-profile/extensions/fxdriver@googlecode.com/components/command-processor.js:12666)
	at <anonymous class>.DelayedCommand.prototype.execute/<(file:///C:/Users/IBM_AD~1/AppData/Local/Temp/anonymous8958628668287072794webdriver-profile/extensions/fxdriver@googlecode.com/components/command-processor.js:12608)
... Removed 28 stack frames]]>
    </failure>
  </testcase> <!-- @BeforeClass LoginToPwot -->
  <testcase name="@AfterClass aftertest" time="0.0" classname="com.pwot.qa.iteration1.TestAeUser">
    <skipped/>
  </testcase> <!-- @AfterClass aftertest -->
  <testcase name="@BeforeClass LoginToPwot" time="0.0" classname="com.pwot.qa.iteration1.TestTcUser">
    <failure type="org.openqa.selenium.NoSuchElementException" message="Unable to locate element: {&amp;quot;method&amp;quot;:&amp;quot;link text&amp;quot;,&amp;quot;selector&amp;quot;:&amp;quot;ALS Prime Product&amp;quot;}
Command duration or timeout: 63 milliseconds
For documentation on this error, please visit: http://seleniumhq.org/exceptions/no_such_element.html
Build info: version: &amp;apos;2.53.1&amp;apos;, revision: &amp;apos;a36b8b1cd5757287168e54b817830adce9b0158d&amp;apos;, time: &amp;apos;2016-06-30 19:26:09&amp;apos;
System info: host: &amp;apos;arifasha&amp;apos;, ip: &amp;apos;9.126.50.132&amp;apos;, os.name: &amp;apos;Windows 7&amp;apos;, os.arch: &amp;apos;amd64&amp;apos;, os.version: &amp;apos;6.1&amp;apos;, java.version: &amp;apos;1.8.0_121&amp;apos;
Driver info: org.openqa.selenium.firefox.FirefoxDriver
Capabilities [{applicationCacheEnabled=true, rotatable=false, handlesAlerts=true, databaseEnabled=true, version=34.0.5, platform=WINDOWS, nativeEvents=false, acceptSslCerts=true, webStorageEnabled=true, locationContextEnabled=true, browserName=firefox, takesScreenshot=true, javascriptEnabled=true, cssSelectorsEnabled=true}]
Session ID: 210eb848-13af-4d64-bb56-f4088dbd569a
*** Element info: {Using=link text, value=ALS Prime Product}">
      <![CDATA[org.openqa.selenium.NoSuchElementException: Unable to locate element: {"method":"link text","selector":"ALS Prime Product"}
Command duration or timeout: 63 milliseconds
For documentation on this error, please visit: http://seleniumhq.org/exceptions/no_such_element.html
Build info: version: '2.53.1', revision: 'a36b8b1cd5757287168e54b817830adce9b0158d', time: '2016-06-30 19:26:09'
System info: host: 'arifasha', ip: '9.126.50.132', os.name: 'Windows 7', os.arch: 'amd64', os.version: '6.1', java.version: '1.8.0_121'
Driver info: org.openqa.selenium.firefox.FirefoxDriver
Capabilities [{applicationCacheEnabled=true, rotatable=false, handlesAlerts=true, databaseEnabled=true, version=34.0.5, platform=WINDOWS, nativeEvents=false, acceptSslCerts=true, webStorageEnabled=true, locationContextEnabled=true, browserName=firefox, takesScreenshot=true, javascriptEnabled=true, cssSelectorsEnabled=true}]
Session ID: 210eb848-13af-4d64-bb56-f4088dbd569a
*** Element info: {Using=link text, value=ALS Prime Product}
	at org.openqa.selenium.remote.ErrorHandler.createThrowable(ErrorHandler.java:206)
	at org.openqa.selenium.remote.ErrorHandler.throwIfResponseFailed(ErrorHandler.java:158)
	at org.openqa.selenium.remote.RemoteWebDriver.execute(RemoteWebDriver.java:678)
	at org.openqa.selenium.remote.RemoteWebDriver.findElement(RemoteWebDriver.java:363)
	at org.openqa.selenium.remote.RemoteWebDriver.findElementByLinkText(RemoteWebDriver.java:428)
	at org.openqa.selenium.By$ByLinkText.findElement(By.java:246)
	at org.openqa.selenium.remote.RemoteWebDriver.findElement(RemoteWebDriver.java:355)
	at com.pwot.qa.iteration1.CommonMethods.Login(CommonMethods.java:58)
	at com.pwot.qa.iteration1.TestTcUser.LoginToPwot(TestTcUser.java:30)
Caused by: org.openqa.selenium.NoSuchElementException: Unable to locate element: {"method":"link text","selector":"ALS Prime Product"}
For documentation on this error, please visit: http://seleniumhq.org/exceptions/no_such_element.html
Build info: version: '2.53.1', revision: 'a36b8b1cd5757287168e54b817830adce9b0158d', time: '2016-06-30 19:26:09'
System info: host: 'arifasha', ip: '9.126.50.132', os.name: 'Windows 7', os.arch: 'amd64', os.version: '6.1', java.version: '1.8.0_121'
Driver info: driver.version: unknown
	at <anonymous class>.FirefoxDriver.prototype.findElementInternal_(file:///C:/Users/IBM_AD~1/AppData/Local/Temp/anonymous6145135780765077236webdriver-profile/extensions/fxdriver@googlecode.com/components/driver-component.js:10770)
	at <anonymous class>.FirefoxDriver.prototype.findElement(file:///C:/Users/IBM_AD~1/AppData/Local/Temp/anonymous6145135780765077236webdriver-profile/extensions/fxdriver@googlecode.com/components/driver-component.js:10779)
	at <anonymous class>.DelayedCommand.prototype.executeInternal_/h(file:///C:/Users/IBM_AD~1/AppData/Local/Temp/anonymous6145135780765077236webdriver-profile/extensions/fxdriver@googlecode.com/components/command-processor.js:12661)
	at <anonymous class>.DelayedCommand.prototype.executeInternal_(file:///C:/Users/IBM_AD~1/AppData/Local/Temp/anonymous6145135780765077236webdriver-profile/extensions/fxdriver@googlecode.com/components/command-processor.js:12666)
	at <anonymous class>.DelayedCommand.prototype.execute/<(file:///C:/Users/IBM_AD~1/AppData/Local/Temp/anonymous6145135780765077236webdriver-profile/extensions/fxdriver@googlecode.com/components/command-processor.js:12608)
... Removed 28 stack frames]]>
    </failure>
  </testcase> <!-- @BeforeClass LoginToPwot -->
  <testcase name="@AfterClass aftertest" time="0.0" classname="com.pwot.qa.iteration1.TestTcUser">
    <skipped/>
  </testcase> <!-- @AfterClass aftertest -->
  <testcase name="TestUserSelection" time="0.001" classname="com.pwot.qa.iteration1.TestAeUser">
    <skipped/>
  </testcase> <!-- TestUserSelection -->
  <testcase name="ValidateLogo" time="0.001" classname="com.pwot.qa.iteration1.TestAeUser">
    <skipped/>
  </testcase> <!-- ValidateLogo -->
  <testcase name="ValidateMessageDisplayed" time="0.001" classname="com.pwot.qa.iteration1.TestAeUser">
    <skipped/>
  </testcase> <!-- ValidateMessageDisplayed -->
  <testcase name="ValidateMenuDisplayedForAEManager" time="0.001" classname="com.pwot.qa.iteration1.TestAeUser">
    <skipped/>
  </testcase> <!-- ValidateMenuDisplayedForAEManager -->
  <testcase name="AE_ManagerInsertFunction" time="0.001" classname="com.pwot.qa.iteration1.TestAeUser">
    <skipped/>
  </testcase> <!-- AE_ManagerInsertFunction -->
  <testcase name="ModifyFuctionality" time="0.001" classname="com.pwot.qa.iteration1.TestAeUser">
    <skipped/>
  </testcase> <!-- ModifyFuctionality -->
  <testcase name="CopyFunctionality" time="0.001" classname="com.pwot.qa.iteration1.TestAeUser">
    <skipped/>
  </testcase> <!-- CopyFunctionality -->
  <testcase name="NewButtonFunctionality" time="0.001" classname="com.pwot.qa.iteration1.TestAeUser">
    <skipped/>
  </testcase> <!-- NewButtonFunctionality -->
  <testcase name="TestUserSelection" time="0.002" classname="com.pwot.qa.iteration1.TestTcUser">
    <skipped/>
  </testcase> <!-- TestUserSelection -->
  <testcase name="ValidateLogo" time="0.002" classname="com.pwot.qa.iteration1.TestTcUser">
    <skipped/>
  </testcase> <!-- ValidateLogo -->
  <testcase name="ValidateMessageDisplayed" time="0.003" classname="com.pwot.qa.iteration1.TestTcUser">
    <skipped/>
  </testcase> <!-- ValidateMessageDisplayed -->
  <testcase name="ValidateMenuDisplayedForAEManager" time="0.002" classname="com.pwot.qa.iteration1.TestTcUser">
    <skipped/>
  </testcase> <!-- ValidateMenuDisplayedForAEManager -->
  <testcase name="TC__ManagerInsertFunction" time="0.003" classname="com.pwot.qa.iteration1.TestTcUser">
    <skipped/>
  </testcase> <!-- TC__ManagerInsertFunction -->
  <testcase name="ModifyFuctionality" time="0.002" classname="com.pwot.qa.iteration1.TestTcUser">
    <skipped/>
  </testcase> <!-- ModifyFuctionality -->
  <testcase name="CopyFunctionality" time="0.002" classname="com.pwot.qa.iteration1.TestTcUser">
    <skipped/>
  </testcase> <!-- CopyFunctionality -->
  <testcase name="NewButtonFunctionality" time="0.001" classname="com.pwot.qa.iteration1.TestTcUser">
    <skipped/>
  </testcase> <!-- NewButtonFunctionality -->
</testsuite> <!-- Test -->
