<!DOCTYPE html PUBLIC "-//W3C//DTD XHTML 1.1//EN" "http://www.w3.org/TR/xhtml11/DTD/xhtml11.dtd">
<html xmlns="http://www.w3.org/1999/xhtml"><head><title>TestNG Report</title><style type="text/css">table {margin-bottom:10px;border-collapse:collapse;empty-cells:show}th,td {border:1px solid #009;padding:.25em .5em}th {vertical-align:bottom}td {vertical-align:top}table a {font-weight:bold}.stripe td {background-color: #E6EBF9}.num {text-align:right}.passedodd td {background-color: #3F3}.passedeven td {background-color: #0A0}.skippedodd td {background-color: #DDD}.skippedeven td {background-color: #CCC}.failedodd td,.attn {background-color: #F33}.failedeven td,.stripe .attn {background-color: #D00}.stacktrace {white-space:pre;font-family:monospace}.totop {font-size:85%;text-align:center;border-bottom:2px solid #000}</style></head><body><table><tr><th>Test</th><th># Passed</th><th># Skipped</th><th># Failed</th><th>Time (ms)</th><th>Included Groups</th><th>Excluded Groups</th></tr><tr><th colspan="7">Pwot_RegressionSuite</th></tr><tr><td><a href="#t0">Test</a></td><td class="num">0</td><td class="num attn">16</td><td class="num">0</td><td class="num">14,689</td><td></td><td></td></tr></table><table><thead><tr><th>Class</th><th>Method</th><th>Start</th><th>Time (ms)</th></tr></thead><tbody><tr><th colspan="4">Pwot_RegressionSuite</th></tr></tbody><tbody id="t0"><tr><th colspan="4">Test &#8212; failed (configuration methods)</th></tr><tr class="failedeven"><td rowspan="1">com.pwot.qa.iteration1.TestAeUser</td><td><a href="#m0">LoginToPwot</a></td><td rowspan="1">1524469711261</td><td rowspan="1">0</td></tr><tr class="failedodd"><td rowspan="1">com.pwot.qa.iteration1.TestTcUser</td><td><a href="#m1">LoginToPwot</a></td><td rowspan="1">1524469721023</td><td rowspan="1">0</td></tr><tr><th colspan="4">Test &#8212; skipped (configuration methods)</th></tr><tr class="skippedeven"><td rowspan="1">com.pwot.qa.iteration1.TestAeUser</td><td><a href="#m2">aftertest</a></td><td rowspan="1">1524469721020</td><td rowspan="1">0</td></tr><tr class="skippedodd"><td rowspan="1">com.pwot.qa.iteration1.TestTcUser</td><td><a href="#m3">aftertest</a></td><td rowspan="1">1524469725936</td><td rowspan="1">0</td></tr><tr><th colspan="4">Test &#8212; skipped</th></tr><tr class="skippedeven"><td rowspan="8">com.pwot.qa.iteration1.TestAeUser</td><td><a href="#m4">AE_ManagerInsertFunction</a></td><td rowspan="1">1524469721010</td><td rowspan="1">1</td></tr><tr class="skippedeven"><td><a href="#m5">CopyFunctionality</a></td><td rowspan="1">1524469721015</td><td rowspan="1">1</td></tr><tr class="skippedeven"><td><a href="#m6">ModifyFuctionality</a></td><td rowspan="1">1524469721013</td><td rowspan="1">1</td></tr><tr class="skippedeven"><td><a href="#m7">NewButtonFunctionality</a></td><td rowspan="1">1524469721017</td><td rowspan="1">1</td></tr><tr class="skippedeven"><td><a href="#m8">TestUserSelection</a></td><td rowspan="1">1524469720990</td><td rowspan="1">1</td></tr><tr class="skippedeven"><td><a href="#m9">ValidateLogo</a></td><td rowspan="1">1524469721004</td><td rowspan="1">1</td></tr><tr class="skippedeven"><td><a href="#m10">ValidateMenuDisplayedForAEManager</a></td><td rowspan="1">1524469721008</td><td rowspan="1">1</td></tr><tr class="skippedeven"><td><a href="#m11">ValidateMessageDisplayed</a></td><td rowspan="1">1524469721006</td><td rowspan="1">1</td></tr><tr class="skippedodd"><td rowspan="8">com.pwot.qa.iteration1.TestTcUser</td><td><a href="#m12">CopyFunctionality</a></td><td rowspan="1">1524469725931</td><td rowspan="1">2</td></tr><tr class="skippedodd"><td><a href="#m13">ModifyFuctionality</a></td><td rowspan="1">1524469725926</td><td rowspan="1">2</td></tr><tr class="skippedodd"><td><a href="#m14">NewButtonFunctionality</a></td><td rowspan="1">1524469725934</td><td rowspan="1">1</td></tr><tr class="skippedodd"><td><a href="#m15">TC__ManagerInsertFunction</a></td><td rowspan="1">1524469725921</td><td rowspan="1">3</td></tr><tr class="skippedodd"><td><a href="#m16">TestUserSelection</a></td><td rowspan="1">1524469725895</td><td rowspan="1">2</td></tr><tr class="skippedodd"><td><a href="#m17">ValidateLogo</a></td><td rowspan="1">1524469725900</td><td rowspan="1">2</td></tr><tr class="skippedodd"><td><a href="#m18">ValidateMenuDisplayedForAEManager</a></td><td rowspan="1">1524469725911</td><td rowspan="1">2</td></tr><tr class="skippedodd"><td><a href="#m19">ValidateMessageDisplayed</a></td><td rowspan="1">1524469725905</td><td rowspan="1">3</td></tr></tbody></table><h2>Test</h2><h3 id="m0">com.pwot.qa.iteration1.TestAeUser#LoginToPwot</h3><table class="result"><tr><th>Exception</th></tr><tr><td><div class="stacktrace">org.openqa.selenium.NoSuchElementException: Unable to locate element: {&quot;method&quot;:&quot;link text&quot;,&quot;selector&quot;:&quot;ALS Prime Product&quot;}
Command duration or timeout: 113 milliseconds
For documentation on this error, please visit: http://seleniumhq.org/exceptions/no_such_element.html
Build info: version: &apos;2.53.1&apos;, revision: &apos;a36b8b1cd5757287168e54b817830adce9b0158d&apos;, time: &apos;2016-06-30 19:26:09&apos;
System info: host: &apos;arifasha&apos;, ip: &apos;9.126.50.132&apos;, os.name: &apos;Windows 7&apos;, os.arch: &apos;amd64&apos;, os.version: &apos;6.1&apos;, java.version: &apos;1.8.0_121&apos;
Driver info: org.openqa.selenium.firefox.FirefoxDriver
Capabilities [{applicationCacheEnabled=true, rotatable=false, handlesAlerts=true, databaseEnabled=true, version=34.0.5, platform=WINDOWS, nativeEvents=false, acceptSslCerts=true, webStorageEnabled=true, locationContextEnabled=true, browserName=firefox, takesScreenshot=true, javascriptEnabled=true, cssSelectorsEnabled=true}]
Session ID: d54fdb43-19d4-4023-bfb6-966e305d22d7
*** Element info: {Using=link text, value=ALS Prime Product}
	at org.openqa.selenium.remote.ErrorHandler.createThrowable(ErrorHandler.java:206)
	at org.openqa.selenium.remote.ErrorHandler.throwIfResponseFailed(ErrorHandler.java:158)
	at org.openqa.selenium.remote.RemoteWebDriver.execute(RemoteWebDriver.java:678)
	at org.openqa.selenium.remote.RemoteWebDriver.findElement(RemoteWebDriver.java:363)
	at org.openqa.selenium.remote.RemoteWebDriver.findElementByLinkText(RemoteWebDriver.java:428)
	at org.openqa.selenium.By$ByLinkText.findElement(By.java:246)
	at org.openqa.selenium.remote.RemoteWebDriver.findElement(RemoteWebDriver.java:355)
	at com.pwot.qa.iteration1.CommonMethods.Login(CommonMethods.java:58)
	at com.pwot.qa.iteration1.TestAeUser.LoginToPwot(TestAeUser.java:27)
Caused by: org.openqa.selenium.NoSuchElementException: Unable to locate element: {&quot;method&quot;:&quot;link text&quot;,&quot;selector&quot;:&quot;ALS Prime Product&quot;}
For documentation on this error, please visit: http://seleniumhq.org/exceptions/no_such_element.html
Build info: version: &apos;2.53.1&apos;, revision: &apos;a36b8b1cd5757287168e54b817830adce9b0158d&apos;, time: &apos;2016-06-30 19:26:09&apos;
System info: host: &apos;arifasha&apos;, ip: &apos;9.126.50.132&apos;, os.name: &apos;Windows 7&apos;, os.arch: &apos;amd64&apos;, os.version: &apos;6.1&apos;, java.version: &apos;1.8.0_121&apos;
Driver info: driver.version: unknown
	at &lt;anonymous class&gt;.FirefoxDriver.prototype.findElementInternal_(file:///C:/Users/IBM_AD~1/AppData/Local/Temp/anonymous8958628668287072794webdriver-profile/extensions/fxdriver@googlecode.com/components/driver-component.js:10770)
	at &lt;anonymous class&gt;.FirefoxDriver.prototype.findElement(file:///C:/Users/IBM_AD~1/AppData/Local/Temp/anonymous8958628668287072794webdriver-profile/extensions/fxdriver@googlecode.com/components/driver-component.js:10779)
	at &lt;anonymous class&gt;.DelayedCommand.prototype.executeInternal_/h(file:///C:/Users/IBM_AD~1/AppData/Local/Temp/anonymous8958628668287072794webdriver-profile/extensions/fxdriver@googlecode.com/components/command-processor.js:12661)
	at &lt;anonymous class&gt;.DelayedCommand.prototype.executeInternal_(file:///C:/Users/IBM_AD~1/AppData/Local/Temp/anonymous8958628668287072794webdriver-profile/extensions/fxdriver@googlecode.com/components/command-processor.js:12666)
	at &lt;anonymous class&gt;.DelayedCommand.prototype.execute/&lt;(file:///C:/Users/IBM_AD~1/AppData/Local/Temp/anonymous8958628668287072794webdriver-profile/extensions/fxdriver@googlecode.com/components/command-processor.js:12608)
... Removed 28 stack frames</div></td></tr></table><p class="totop"><a href="#summary">back to summary</a></p><h3 id="m1">com.pwot.qa.iteration1.TestTcUser#LoginToPwot</h3><table class="result"><tr><th>Exception</th></tr><tr><td><div class="stacktrace">org.openqa.selenium.NoSuchElementException: Unable to locate element: {&quot;method&quot;:&quot;link text&quot;,&quot;selector&quot;:&quot;ALS Prime Product&quot;}
Command duration or timeout: 63 milliseconds
For documentation on this error, please visit: http://seleniumhq.org/exceptions/no_such_element.html
Build info: version: &apos;2.53.1&apos;, revision: &apos;a36b8b1cd5757287168e54b817830adce9b0158d&apos;, time: &apos;2016-06-30 19:26:09&apos;
System info: host: &apos;arifasha&apos;, ip: &apos;9.126.50.132&apos;, os.name: &apos;Windows 7&apos;, os.arch: &apos;amd64&apos;, os.version: &apos;6.1&apos;, java.version: &apos;1.8.0_121&apos;
Driver info: org.openqa.selenium.firefox.FirefoxDriver
Capabilities [{applicationCacheEnabled=true, rotatable=false, handlesAlerts=true, databaseEnabled=true, version=34.0.5, platform=WINDOWS, nativeEvents=false, acceptSslCerts=true, webStorageEnabled=true, locationContextEnabled=true, browserName=firefox, takesScreenshot=true, javascriptEnabled=true, cssSelectorsEnabled=true}]
Session ID: 210eb848-13af-4d64-bb56-f4088dbd569a
*** Element info: {Using=link text, value=ALS Prime Product}
	at org.openqa.selenium.remote.ErrorHandler.createThrowable(ErrorHandler.java:206)
	at org.openqa.selenium.remote.ErrorHandler.throwIfResponseFailed(ErrorHandler.java:158)
	at org.openqa.selenium.remote.RemoteWebDriver.execute(RemoteWebDriver.java:678)
	at org.openqa.selenium.remote.RemoteWebDriver.findElement(RemoteWebDriver.java:363)
	at org.openqa.selenium.remote.RemoteWebDriver.findElementByLinkText(RemoteWebDriver.java:428)
	at org.openqa.selenium.By$ByLinkText.findElement(By.java:246)
	at org.openqa.selenium.remote.RemoteWebDriver.findElement(RemoteWebDriver.java:355)
	at com.pwot.qa.iteration1.CommonMethods.Login(CommonMethods.java:58)
	at com.pwot.qa.iteration1.TestTcUser.LoginToPwot(TestTcUser.java:30)
Caused by: org.openqa.selenium.NoSuchElementException: Unable to locate element: {&quot;method&quot;:&quot;link text&quot;,&quot;selector&quot;:&quot;ALS Prime Product&quot;}
For documentation on this error, please visit: http://seleniumhq.org/exceptions/no_such_element.html
Build info: version: &apos;2.53.1&apos;, revision: &apos;a36b8b1cd5757287168e54b817830adce9b0158d&apos;, time: &apos;2016-06-30 19:26:09&apos;
System info: host: &apos;arifasha&apos;, ip: &apos;9.126.50.132&apos;, os.name: &apos;Windows 7&apos;, os.arch: &apos;amd64&apos;, os.version: &apos;6.1&apos;, java.version: &apos;1.8.0_121&apos;
Driver info: driver.version: unknown
	at &lt;anonymous class&gt;.FirefoxDriver.prototype.findElementInternal_(file:///C:/Users/IBM_AD~1/AppData/Local/Temp/anonymous6145135780765077236webdriver-profile/extensions/fxdriver@googlecode.com/components/driver-component.js:10770)
	at &lt;anonymous class&gt;.FirefoxDriver.prototype.findElement(file:///C:/Users/IBM_AD~1/AppData/Local/Temp/anonymous6145135780765077236webdriver-profile/extensions/fxdriver@googlecode.com/components/driver-component.js:10779)
	at &lt;anonymous class&gt;.DelayedCommand.prototype.executeInternal_/h(file:///C:/Users/IBM_AD~1/AppData/Local/Temp/anonymous6145135780765077236webdriver-profile/extensions/fxdriver@googlecode.com/components/command-processor.js:12661)
	at &lt;anonymous class&gt;.DelayedCommand.prototype.executeInternal_(file:///C:/Users/IBM_AD~1/AppData/Local/Temp/anonymous6145135780765077236webdriver-profile/extensions/fxdriver@googlecode.com/components/command-processor.js:12666)
	at &lt;anonymous class&gt;.DelayedCommand.prototype.execute/&lt;(file:///C:/Users/IBM_AD~1/AppData/Local/Temp/anonymous6145135780765077236webdriver-profile/extensions/fxdriver@googlecode.com/components/command-processor.js:12608)
... Removed 28 stack frames</div></td></tr></table><p class="totop"><a href="#summary">back to summary</a></p><h3 id="m2">com.pwot.qa.iteration1.TestAeUser#aftertest</h3><table class="result"></table><p class="totop"><a href="#summary">back to summary</a></p><h3 id="m3">com.pwot.qa.iteration1.TestTcUser#aftertest</h3><table class="result"></table><p class="totop"><a href="#summary">back to summary</a></p><h3 id="m4">com.pwot.qa.iteration1.TestAeUser#AE_ManagerInsertFunction</h3><table class="result"></table><p class="totop"><a href="#summary">back to summary</a></p><h3 id="m5">com.pwot.qa.iteration1.TestAeUser#CopyFunctionality</h3><table class="result"></table><p class="totop"><a href="#summary">back to summary</a></p><h3 id="m6">com.pwot.qa.iteration1.TestAeUser#ModifyFuctionality</h3><table class="result"></table><p class="totop"><a href="#summary">back to summary</a></p><h3 id="m7">com.pwot.qa.iteration1.TestAeUser#NewButtonFunctionality</h3><table class="result"></table><p class="totop"><a href="#summary">back to summary</a></p><h3 id="m8">com.pwot.qa.iteration1.TestAeUser#TestUserSelection</h3><table class="result"></table><p class="totop"><a href="#summary">back to summary</a></p><h3 id="m9">com.pwot.qa.iteration1.TestAeUser#ValidateLogo</h3><table class="result"></table><p class="totop"><a href="#summary">back to summary</a></p><h3 id="m10">com.pwot.qa.iteration1.TestAeUser#ValidateMenuDisplayedForAEManager</h3><table class="result"></table><p class="totop"><a href="#summary">back to summary</a></p><h3 id="m11">com.pwot.qa.iteration1.TestAeUser#ValidateMessageDisplayed</h3><table class="result"></table><p class="totop"><a href="#summary">back to summary</a></p><h3 id="m12">com.pwot.qa.iteration1.TestTcUser#CopyFunctionality</h3><table class="result"></table><p class="totop"><a href="#summary">back to summary</a></p><h3 id="m13">com.pwot.qa.iteration1.TestTcUser#ModifyFuctionality</h3><table class="result"></table><p class="totop"><a href="#summary">back to summary</a></p><h3 id="m14">com.pwot.qa.iteration1.TestTcUser#NewButtonFunctionality</h3><table class="result"></table><p class="totop"><a href="#summary">back to summary</a></p><h3 id="m15">com.pwot.qa.iteration1.TestTcUser#TC__ManagerInsertFunction</h3><table class="result"></table><p class="totop"><a href="#summary">back to summary</a></p><h3 id="m16">com.pwot.qa.iteration1.TestTcUser#TestUserSelection</h3><table class="result"></table><p class="totop"><a href="#summary">back to summary</a></p><h3 id="m17">com.pwot.qa.iteration1.TestTcUser#ValidateLogo</h3><table class="result"></table><p class="totop"><a href="#summary">back to summary</a></p><h3 id="m18">com.pwot.qa.iteration1.TestTcUser#ValidateMenuDisplayedForAEManager</h3><table class="result"></table><p class="totop"><a href="#summary">back to summary</a></p><h3 id="m19">com.pwot.qa.iteration1.TestTcUser#ValidateMessageDisplayed</h3><table class="result"></table><p class="totop"><a href="#summary">back to summary</a></p></body></html>