<?xml version="1.0" encoding="UTF-8"?>
<testng-results skipped="16" failed="0" total="16" passed="0">
  <reporter-output>
  </reporter-output>
  <suite name="Pwot_RegressionSuite" duration-ms="14689" started-at="2018-04-23T07:48:31Z" finished-at="2018-04-23T07:48:45Z">
    <groups>
    </groups>
    <test name="Test" duration-ms="14689" started-at="2018-04-23T07:48:31Z" finished-at="2018-04-23T07:48:45Z">
      <class name="com.pwot.qa.iteration1.TestAeUser">
        <test-method status="FAIL" signature="LoginToPwot()[pri:0, instance:com.pwot.qa.iteration1.TestAeUser@26aa12dd]" name="LoginToPwot" is-config="true" duration-ms="0" started-at="2018-04-23T13:18:31Z" finished-at="2018-04-23T13:18:31Z">
          <exception class="org.openqa.selenium.NoSuchElementException">
            <message>
              <![CDATA[Unable to locate element: {"method":"link text","selector":"ALS Prime Product"}
Command duration or timeout: 113 milliseconds
For documentation on this error, please visit: http://seleniumhq.org/exceptions/no_such_element.html
Build info: version: '2.53.1', revision: 'a36b8b1cd5757287168e54b817830adce9b0158d', time: '2016-06-30 19:26:09'
System info: host: 'arifasha', ip: '9.126.50.132', os.name: 'Windows 7', os.arch: 'amd64', os.version: '6.1', java.version: '1.8.0_121'
Driver info: org.openqa.selenium.firefox.FirefoxDriver
Capabilities [{applicationCacheEnabled=true, rotatable=false, handlesAlerts=true, databaseEnabled=true, version=34.0.5, platform=WINDOWS, nativeEvents=false, acceptSslCerts=true, webStorageEnabled=true, locationContextEnabled=true, browserName=firefox, takesScreenshot=true, javascriptEnabled=true, cssSelectorsEnabled=true}]
Session ID: d54fdb43-19d4-4023-bfb6-966e305d22d7
*** Element info: {Using=link text, value=ALS Prime Product}]]>
            </message>
            <full-stacktrace>
              <![CDATA[org.openqa.selenium.NoSuchElementException: Unable to locate element: {"method":"link text","selector":"ALS Prime Product"}
Command duration or timeout: 113 milliseconds
For documentation on this error, please visit: http://seleniumhq.org/exceptions/no_such_element.html
Build info: version: '2.53.1', revision: 'a36b8b1cd5757287168e54b817830adce9b0158d', time: '2016-06-30 19:26:09'
System info: host: 'arifasha', ip: '9.126.50.132', os.name: 'Windows 7', os.arch: 'amd64', os.version: '6.1', java.version: '1.8.0_121'
Driver info: org.openqa.selenium.firefox.FirefoxDriver
Capabilities [{applicationCacheEnabled=true, rotatable=false, handlesAlerts=true, databaseEnabled=true, version=34.0.5, platform=WINDOWS, nativeEvents=false, acceptSslCerts=true, webStorageEnabled=true, locationContextEnabled=true, browserName=firefox, takesScreenshot=true, javascriptEnabled=true, cssSelectorsEnabled=true}]
Session ID: d54fdb43-19d4-4023-bfb6-966e305d22d7
*** Element info: {Using=link text, value=ALS Prime Product}
	at sun.reflect.NativeConstructorAccessorImpl.newInstance0(Native Method)
	at sun.reflect.NativeConstructorAccessorImpl.newInstance(Unknown Source)
	at sun.reflect.DelegatingConstructorAccessorImpl.newInstance(Unknown Source)
	at java.lang.reflect.Constructor.newInstance(Unknown Source)
	at org.openqa.selenium.remote.ErrorHandler.createThrowable(ErrorHandler.java:206)
	at org.openqa.selenium.remote.ErrorHandler.throwIfResponseFailed(ErrorHandler.java:158)
	at org.openqa.selenium.remote.RemoteWebDriver.execute(RemoteWebDriver.java:678)
	at org.openqa.selenium.remote.RemoteWebDriver.findElement(RemoteWebDriver.java:363)
	at org.openqa.selenium.remote.RemoteWebDriver.findElementByLinkText(RemoteWebDriver.java:428)
	at org.openqa.selenium.By$ByLinkText.findElement(By.java:246)
	at org.openqa.selenium.remote.RemoteWebDriver.findElement(RemoteWebDriver.java:355)
	at com.pwot.qa.iteration1.CommonMethods.Login(CommonMethods.java:58)
	at com.pwot.qa.iteration1.TestAeUser.LoginToPwot(TestAeUser.java:27)
	at sun.reflect.NativeMethodAccessorImpl.invoke0(Native Method)
	at sun.reflect.NativeMethodAccessorImpl.invoke(Unknown Source)
	at sun.reflect.DelegatingMethodAccessorImpl.invoke(Unknown Source)
	at java.lang.reflect.Method.invoke(Unknown Source)
	at org.testng.internal.MethodInvocationHelper.invokeMethod(MethodInvocationHelper.java:85)
	at org.testng.internal.Invoker.invokeConfigurationMethod(Invoker.java:510)
	at org.testng.internal.Invoker.invokeConfigurations(Invoker.java:211)
	at org.testng.internal.Invoker.invokeConfigurations(Invoker.java:138)
	at org.testng.internal.TestMethodWorker.invokeBeforeClassMethods(TestMethodWorker.java:170)
	at org.testng.internal.TestMethodWorker.run(TestMethodWorker.java:104)
	at org.testng.TestRunner.privateRun(TestRunner.java:774)
	at org.testng.TestRunner.run(TestRunner.java:624)
	at org.testng.SuiteRunner.runTest(SuiteRunner.java:359)
	at org.testng.SuiteRunner.runSequentially(SuiteRunner.java:354)
	at org.testng.SuiteRunner.privateRun(SuiteRunner.java:312)
	at org.testng.SuiteRunner.run(SuiteRunner.java:261)
	at org.testng.SuiteRunnerWorker.runSuite(SuiteRunnerWorker.java:52)
	at org.testng.SuiteRunnerWorker.run(SuiteRunnerWorker.java:86)
	at org.testng.TestNG.runSuitesSequentially(TestNG.java:1215)
	at org.testng.TestNG.runSuitesLocally(TestNG.java:1140)
	at org.testng.TestNG.run(TestNG.java:1048)
	at org.testng.remote.AbstractRemoteTestNG.run(AbstractRemoteTestNG.java:132)
	at org.testng.remote.RemoteTestNG.initAndRun(RemoteTestNG.java:230)
	at org.testng.remote.RemoteTestNG.main(RemoteTestNG.java:76)
Caused by: org.openqa.selenium.NoSuchElementException: Unable to locate element: {"method":"link text","selector":"ALS Prime Product"}
For documentation on this error, please visit: http://seleniumhq.org/exceptions/no_such_element.html
Build info: version: '2.53.1', revision: 'a36b8b1cd5757287168e54b817830adce9b0158d', time: '2016-06-30 19:26:09'
System info: host: 'arifasha', ip: '9.126.50.132', os.name: 'Windows 7', os.arch: 'amd64', os.version: '6.1', java.version: '1.8.0_121'
Driver info: driver.version: unknown
	at <anonymous class>.FirefoxDriver.prototype.findElementInternal_(file:///C:/Users/IBM_AD~1/AppData/Local/Temp/anonymous8958628668287072794webdriver-profile/extensions/fxdriver@googlecode.com/components/driver-component.js:10770)
	at <anonymous class>.FirefoxDriver.prototype.findElement(file:///C:/Users/IBM_AD~1/AppData/Local/Temp/anonymous8958628668287072794webdriver-profile/extensions/fxdriver@googlecode.com/components/driver-component.js:10779)
	at <anonymous class>.DelayedCommand.prototype.executeInternal_/h(file:///C:/Users/IBM_AD~1/AppData/Local/Temp/anonymous8958628668287072794webdriver-profile/extensions/fxdriver@googlecode.com/components/command-processor.js:12661)
	at <anonymous class>.DelayedCommand.prototype.executeInternal_(file:///C:/Users/IBM_AD~1/AppData/Local/Temp/anonymous8958628668287072794webdriver-profile/extensions/fxdriver@googlecode.com/components/command-processor.js:12666)
	at <anonymous class>.DelayedCommand.prototype.execute/<(file:///C:/Users/IBM_AD~1/AppData/Local/Temp/anonymous8958628668287072794webdriver-profile/extensions/fxdriver@googlecode.com/components/command-processor.js:12608)
]]>
            </full-stacktrace>
          </exception> <!-- org.openqa.selenium.NoSuchElementException -->
          <reporter-output>
          </reporter-output>
        </test-method> <!-- LoginToPwot -->
        <test-method status="SKIP" signature="TestUserSelection()[pri:1, instance:com.pwot.qa.iteration1.TestAeUser@26aa12dd]" name="TestUserSelection" duration-ms="1" started-at="2018-04-23T13:18:40Z" finished-at="2018-04-23T13:18:40Z">
          <reporter-output>
          </reporter-output>
        </test-method> <!-- TestUserSelection -->
        <test-method status="SKIP" signature="ValidateLogo()[pri:2, instance:com.pwot.qa.iteration1.TestAeUser@26aa12dd]" name="ValidateLogo" duration-ms="1" started-at="2018-04-23T13:18:41Z" finished-at="2018-04-23T13:18:41Z">
          <reporter-output>
          </reporter-output>
        </test-method> <!-- ValidateLogo -->
        <test-method status="SKIP" signature="ValidateMessageDisplayed()[pri:3, instance:com.pwot.qa.iteration1.TestAeUser@26aa12dd]" name="ValidateMessageDisplayed" duration-ms="1" started-at="2018-04-23T13:18:41Z" finished-at="2018-04-23T13:18:41Z">
          <reporter-output>
          </reporter-output>
        </test-method> <!-- ValidateMessageDisplayed -->
        <test-method status="SKIP" signature="ValidateMenuDisplayedForAEManager()[pri:4, instance:com.pwot.qa.iteration1.TestAeUser@26aa12dd]" name="ValidateMenuDisplayedForAEManager" duration-ms="1" started-at="2018-04-23T13:18:41Z" finished-at="2018-04-23T13:18:41Z">
          <reporter-output>
          </reporter-output>
        </test-method> <!-- ValidateMenuDisplayedForAEManager -->
        <test-method status="SKIP" signature="AE_ManagerInsertFunction()[pri:5, instance:com.pwot.qa.iteration1.TestAeUser@26aa12dd]" name="AE_ManagerInsertFunction" duration-ms="1" started-at="2018-04-23T13:18:41Z" finished-at="2018-04-23T13:18:41Z">
          <reporter-output>
          </reporter-output>
        </test-method> <!-- AE_ManagerInsertFunction -->
        <test-method status="SKIP" signature="ModifyFuctionality()[pri:6, instance:com.pwot.qa.iteration1.TestAeUser@26aa12dd]" name="ModifyFuctionality" duration-ms="1" started-at="2018-04-23T13:18:41Z" finished-at="2018-04-23T13:18:41Z">
          <reporter-output>
          </reporter-output>
        </test-method> <!-- ModifyFuctionality -->
        <test-method status="SKIP" signature="CopyFunctionality()[pri:7, instance:com.pwot.qa.iteration1.TestAeUser@26aa12dd]" name="CopyFunctionality" duration-ms="1" started-at="2018-04-23T13:18:41Z" finished-at="2018-04-23T13:18:41Z">
          <reporter-output>
          </reporter-output>
        </test-method> <!-- CopyFunctionality -->
        <test-method status="SKIP" signature="NewButtonFunctionality()[pri:8, instance:com.pwot.qa.iteration1.TestAeUser@26aa12dd]" name="NewButtonFunctionality" duration-ms="1" started-at="2018-04-23T13:18:41Z" finished-at="2018-04-23T13:18:41Z">
          <reporter-output>
          </reporter-output>
        </test-method> <!-- NewButtonFunctionality -->
        <test-method status="SKIP" signature="aftertest()[pri:0, instance:com.pwot.qa.iteration1.TestAeUser@26aa12dd]" name="aftertest" is-config="true" duration-ms="0" started-at="2018-04-23T13:18:41Z" finished-at="2018-04-23T13:18:41Z">
          <reporter-output>
          </reporter-output>
        </test-method> <!-- aftertest -->
      </class> <!-- com.pwot.qa.iteration1.TestAeUser -->
      <class name="com.pwot.qa.iteration1.TestTcUser">
        <test-method status="FAIL" signature="LoginToPwot()[pri:0, instance:com.pwot.qa.iteration1.TestTcUser@3fd7a715]" name="LoginToPwot" is-config="true" duration-ms="0" started-at="2018-04-23T13:18:41Z" finished-at="2018-04-23T13:18:41Z">
          <exception class="org.openqa.selenium.NoSuchElementException">
            <message>
              <![CDATA[Unable to locate element: {"method":"link text","selector":"ALS Prime Product"}
Command duration or timeout: 63 milliseconds
For documentation on this error, please visit: http://seleniumhq.org/exceptions/no_such_element.html
Build info: version: '2.53.1', revision: 'a36b8b1cd5757287168e54b817830adce9b0158d', time: '2016-06-30 19:26:09'
System info: host: 'arifasha', ip: '9.126.50.132', os.name: 'Windows 7', os.arch: 'amd64', os.version: '6.1', java.version: '1.8.0_121'
Driver info: org.openqa.selenium.firefox.FirefoxDriver
Capabilities [{applicationCacheEnabled=true, rotatable=false, handlesAlerts=true, databaseEnabled=true, version=34.0.5, platform=WINDOWS, nativeEvents=false, acceptSslCerts=true, webStorageEnabled=true, locationContextEnabled=true, browserName=firefox, takesScreenshot=true, javascriptEnabled=true, cssSelectorsEnabled=true}]
Session ID: 210eb848-13af-4d64-bb56-f4088dbd569a
*** Element info: {Using=link text, value=ALS Prime Product}]]>
            </message>
            <full-stacktrace>
              <![CDATA[org.openqa.selenium.NoSuchElementException: Unable to locate element: {"method":"link text","selector":"ALS Prime Product"}
Command duration or timeout: 63 milliseconds
For documentation on this error, please visit: http://seleniumhq.org/exceptions/no_such_element.html
Build info: version: '2.53.1', revision: 'a36b8b1cd5757287168e54b817830adce9b0158d', time: '2016-06-30 19:26:09'
System info: host: 'arifasha', ip: '9.126.50.132', os.name: 'Windows 7', os.arch: 'amd64', os.version: '6.1', java.version: '1.8.0_121'
Driver info: org.openqa.selenium.firefox.FirefoxDriver
Capabilities [{applicationCacheEnabled=true, rotatable=false, handlesAlerts=true, databaseEnabled=true, version=34.0.5, platform=WINDOWS, nativeEvents=false, acceptSslCerts=true, webStorageEnabled=true, locationContextEnabled=true, browserName=firefox, takesScreenshot=true, javascriptEnabled=true, cssSelectorsEnabled=true}]
Session ID: 210eb848-13af-4d64-bb56-f4088dbd569a
*** Element info: {Using=link text, value=ALS Prime Product}
	at sun.reflect.NativeConstructorAccessorImpl.newInstance0(Native Method)
	at sun.reflect.NativeConstructorAccessorImpl.newInstance(Unknown Source)
	at sun.reflect.DelegatingConstructorAccessorImpl.newInstance(Unknown Source)
	at java.lang.reflect.Constructor.newInstance(Unknown Source)
	at org.openqa.selenium.remote.ErrorHandler.createThrowable(ErrorHandler.java:206)
	at org.openqa.selenium.remote.ErrorHandler.throwIfResponseFailed(ErrorHandler.java:158)
	at org.openqa.selenium.remote.RemoteWebDriver.execute(RemoteWebDriver.java:678)
	at org.openqa.selenium.remote.RemoteWebDriver.findElement(RemoteWebDriver.java:363)
	at org.openqa.selenium.remote.RemoteWebDriver.findElementByLinkText(RemoteWebDriver.java:428)
	at org.openqa.selenium.By$ByLinkText.findElement(By.java:246)
	at org.openqa.selenium.remote.RemoteWebDriver.findElement(RemoteWebDriver.java:355)
	at com.pwot.qa.iteration1.CommonMethods.Login(CommonMethods.java:58)
	at com.pwot.qa.iteration1.TestTcUser.LoginToPwot(TestTcUser.java:30)
	at sun.reflect.NativeMethodAccessorImpl.invoke0(Native Method)
	at sun.reflect.NativeMethodAccessorImpl.invoke(Unknown Source)
	at sun.reflect.DelegatingMethodAccessorImpl.invoke(Unknown Source)
	at java.lang.reflect.Method.invoke(Unknown Source)
	at org.testng.internal.MethodInvocationHelper.invokeMethod(MethodInvocationHelper.java:85)
	at org.testng.internal.Invoker.invokeConfigurationMethod(Invoker.java:510)
	at org.testng.internal.Invoker.invokeConfigurations(Invoker.java:211)
	at org.testng.internal.Invoker.invokeConfigurations(Invoker.java:138)
	at org.testng.internal.TestMethodWorker.invokeBeforeClassMethods(TestMethodWorker.java:170)
	at org.testng.internal.TestMethodWorker.run(TestMethodWorker.java:104)
	at org.testng.TestRunner.privateRun(TestRunner.java:774)
	at org.testng.TestRunner.run(TestRunner.java:624)
	at org.testng.SuiteRunner.runTest(SuiteRunner.java:359)
	at org.testng.SuiteRunner.runSequentially(SuiteRunner.java:354)
	at org.testng.SuiteRunner.privateRun(SuiteRunner.java:312)
	at org.testng.SuiteRunner.run(SuiteRunner.java:261)
	at org.testng.SuiteRunnerWorker.runSuite(SuiteRunnerWorker.java:52)
	at org.testng.SuiteRunnerWorker.run(SuiteRunnerWorker.java:86)
	at org.testng.TestNG.runSuitesSequentially(TestNG.java:1215)
	at org.testng.TestNG.runSuitesLocally(TestNG.java:1140)
	at org.testng.TestNG.run(TestNG.java:1048)
	at org.testng.remote.AbstractRemoteTestNG.run(AbstractRemoteTestNG.java:132)
	at org.testng.remote.RemoteTestNG.initAndRun(RemoteTestNG.java:230)
	at org.testng.remote.RemoteTestNG.main(RemoteTestNG.java:76)
Caused by: org.openqa.selenium.NoSuchElementException: Unable to locate element: {"method":"link text","selector":"ALS Prime Product"}
For documentation on this error, please visit: http://seleniumhq.org/exceptions/no_such_element.html
Build info: version: '2.53.1', revision: 'a36b8b1cd5757287168e54b817830adce9b0158d', time: '2016-06-30 19:26:09'
System info: host: 'arifasha', ip: '9.126.50.132', os.name: 'Windows 7', os.arch: 'amd64', os.version: '6.1', java.version: '1.8.0_121'
Driver info: driver.version: unknown
	at <anonymous class>.FirefoxDriver.prototype.findElementInternal_(file:///C:/Users/IBM_AD~1/AppData/Local/Temp/anonymous6145135780765077236webdriver-profile/extensions/fxdriver@googlecode.com/components/driver-component.js:10770)
	at <anonymous class>.FirefoxDriver.prototype.findElement(file:///C:/Users/IBM_AD~1/AppData/Local/Temp/anonymous6145135780765077236webdriver-profile/extensions/fxdriver@googlecode.com/components/driver-component.js:10779)
	at <anonymous class>.DelayedCommand.prototype.executeInternal_/h(file:///C:/Users/IBM_AD~1/AppData/Local/Temp/anonymous6145135780765077236webdriver-profile/extensions/fxdriver@googlecode.com/components/command-processor.js:12661)
	at <anonymous class>.DelayedCommand.prototype.executeInternal_(file:///C:/Users/IBM_AD~1/AppData/Local/Temp/anonymous6145135780765077236webdriver-profile/extensions/fxdriver@googlecode.com/components/command-processor.js:12666)
	at <anonymous class>.DelayedCommand.prototype.execute/<(file:///C:/Users/IBM_AD~1/AppData/Local/Temp/anonymous6145135780765077236webdriver-profile/extensions/fxdriver@googlecode.com/components/command-processor.js:12608)
]]>
            </full-stacktrace>
          </exception> <!-- org.openqa.selenium.NoSuchElementException -->
          <reporter-output>
          </reporter-output>
        </test-method> <!-- LoginToPwot -->
        <test-method status="SKIP" signature="TestUserSelection()[pri:1, instance:com.pwot.qa.iteration1.TestTcUser@3fd7a715]" name="TestUserSelection" duration-ms="2" started-at="2018-04-23T13:18:45Z" finished-at="2018-04-23T13:18:45Z">
          <reporter-output>
          </reporter-output>
        </test-method> <!-- TestUserSelection -->
        <test-method status="SKIP" signature="ValidateLogo()[pri:2, instance:com.pwot.qa.iteration1.TestTcUser@3fd7a715]" name="ValidateLogo" duration-ms="2" started-at="2018-04-23T13:18:45Z" finished-at="2018-04-23T13:18:45Z">
          <reporter-output>
          </reporter-output>
        </test-method> <!-- ValidateLogo -->
        <test-method status="SKIP" signature="ValidateMessageDisplayed()[pri:3, instance:com.pwot.qa.iteration1.TestTcUser@3fd7a715]" name="ValidateMessageDisplayed" duration-ms="3" started-at="2018-04-23T13:18:45Z" finished-at="2018-04-23T13:18:45Z">
          <reporter-output>
          </reporter-output>
        </test-method> <!-- ValidateMessageDisplayed -->
        <test-method status="SKIP" signature="ValidateMenuDisplayedForAEManager()[pri:4, instance:com.pwot.qa.iteration1.TestTcUser@3fd7a715]" name="ValidateMenuDisplayedForAEManager" duration-ms="2" started-at="2018-04-23T13:18:45Z" finished-at="2018-04-23T13:18:45Z">
          <reporter-output>
          </reporter-output>
        </test-method> <!-- ValidateMenuDisplayedForAEManager -->
        <test-method status="SKIP" signature="TC__ManagerInsertFunction()[pri:5, instance:com.pwot.qa.iteration1.TestTcUser@3fd7a715]" name="TC__ManagerInsertFunction" duration-ms="3" started-at="2018-04-23T13:18:45Z" finished-at="2018-04-23T13:18:45Z">
          <reporter-output>
          </reporter-output>
        </test-method> <!-- TC__ManagerInsertFunction -->
        <test-method status="SKIP" signature="ModifyFuctionality()[pri:6, instance:com.pwot.qa.iteration1.TestTcUser@3fd7a715]" name="ModifyFuctionality" duration-ms="2" started-at="2018-04-23T13:18:45Z" finished-at="2018-04-23T13:18:45Z">
          <reporter-output>
          </reporter-output>
        </test-method> <!-- ModifyFuctionality -->
        <test-method status="SKIP" signature="CopyFunctionality()[pri:7, instance:com.pwot.qa.iteration1.TestTcUser@3fd7a715]" name="CopyFunctionality" duration-ms="2" started-at="2018-04-23T13:18:45Z" finished-at="2018-04-23T13:18:45Z">
          <reporter-output>
          </reporter-output>
        </test-method> <!-- CopyFunctionality -->
        <test-method status="SKIP" signature="NewButtonFunctionality()[pri:8, instance:com.pwot.qa.iteration1.TestTcUser@3fd7a715]" name="NewButtonFunctionality" duration-ms="1" started-at="2018-04-23T13:18:45Z" finished-at="2018-04-23T13:18:45Z">
          <reporter-output>
          </reporter-output>
        </test-method> <!-- NewButtonFunctionality -->
        <test-method status="SKIP" signature="aftertest()[pri:0, instance:com.pwot.qa.iteration1.TestTcUser@3fd7a715]" name="aftertest" is-config="true" duration-ms="0" started-at="2018-04-23T13:18:45Z" finished-at="2018-04-23T13:18:45Z">
          <reporter-output>
          </reporter-output>
        </test-method> <!-- aftertest -->
      </class> <!-- com.pwot.qa.iteration1.TestTcUser -->
    </test> <!-- Test -->
  </suite> <!-- Pwot_RegressionSuite -->
</testng-results>
